<?xml version="1.0" encoding="UTF-8"?>
<testng-results ignored="0" total="1" passed="1" failed="0" skipped="0">
  <reporter-output>
    <line>
      <![CDATA[Ingresa cualqueir número: ]]>
    </line>
    <line>
      <![CDATA[El número es positivo e impar]]>
    </line>
  </reporter-output>
  <suite started-at="2022-03-03T19:29:02Z" name="Default suite" finished-at="2022-03-03T19:29:10Z" duration-ms="7902">
    <groups>
    </groups>
    <test started-at="2022-03-03T19:29:02Z" name="Default test" finished-at="2022-03-03T19:29:10Z" duration-ms="7902">
      <class name="com.ejercicios.DifNum">
        <test-method signature="diferenciarNum()[pri:0, instance:com.ejercicios.DifNum@4196c360]" started-at="2022-03-03T19:29:02Z" name="diferenciarNum" finished-at="2022-03-03T19:29:10Z" duration-ms="7888" status="PASS">
          <reporter-output>
            <line>
              <![CDATA[Ingresa cualqueir número: ]]>
            </line>
            <line>
              <![CDATA[El número es positivo e impar]]>
            </line>
          </reporter-output>
        </test-method> <!-- diferenciarNum -->
      </class> <!-- com.ejercicios.DifNum -->
    </test> <!-- Default test -->
  </suite> <!-- Default suite -->
</testng-results>
